<?xml version="1.0" encoding="UTF-8"?>
<coverage generated="1625565051185" clover="3.2.0">
  <project timestamp="1625565051186" name="All files">
    <metrics statements="14" coveredstatements="13" conditionals="6" coveredconditionals="4" methods="4" coveredmethods="4" elements="24" coveredelements="21" complexity="0" loc="14" ncloc="14" packages="2" files="3" classes="3"/>
    <package name="src">
      <metrics statements="2" coveredstatements="2" conditionals="0" coveredconditionals="0" methods="2" coveredmethods="2"/>
      <file name="index.js" path="D:\FRONT END\tataiana\src\index.js">
        <metrics statements="2" coveredstatements="2" conditionals="0" coveredconditionals="0" methods="2" coveredmethods="2"/>
        <line num="2" count="1" type="stmt"/>
        <line num="6" count="1" type="stmt"/>
      </file>
    </package>
    <package name="src.utils.js">
      <metrics statements="12" coveredstatements="11" conditionals="6" coveredconditionals="4" methods="2" coveredmethods="2"/>
      <file name="date.js" path="D:\FRONT END\tataiana\src\utils.js\date.js">
        <metrics statements="1" coveredstatements="1" conditionals="0" coveredconditionals="0" methods="1" coveredmethods="1"/>
        <line num="1" count="1" type="stmt"/>
      </file>
      <file name="getAgeInDays.js" path="D:\FRONT END\tataiana\src\utils.js\getAgeInDays.js">
        <metrics statements="11" coveredstatements="10" conditionals="6" coveredconditionals="4" methods="1" coveredmethods="1"/>
        <line num="3" count="1" type="stmt"/>
        <line num="6" count="2" type="stmt"/>
        <line num="7" count="2" type="stmt"/>
        <line num="8" count="2" type="stmt"/>
        <line num="9" count="2" type="stmt"/>
        <line num="10" count="2" type="cond" truecount="2" falsecount="0"/>
        <line num="12" count="1" type="stmt"/>
        <line num="14" count="2" type="cond" truecount="2" falsecount="2"/>
        <line num="16" count="0" type="stmt"/>
        <line num="18" count="2" type="stmt"/>
        <line num="21" count="1" type="stmt"/>
      </file>
    </package>
  </project>
</coverage>
