{"D:\\FRONT END\\tataiana\\src\\index.js": {"path":"D:\\FRONT END\\tataiana\\src\\index.js","statementMap":{"0":{"start":{"line":2,"column":4},"end":{"line":2,"column":17}},"1":{"start":{"line":6,"column":4},"end":{"line":6,"column":17}}},"fnMap":{"0":{"name":"sum","decl":{"start":{"line":1,"column":16},"end":{"line":1,"column":19}},"loc":{"start":{"line":1,"column":26},"end":{"line":3,"column":1}},"line":1},"1":{"name":"prod","decl":{"start":{"line":5,"column":16},"end":{"line":5,"column":20}},"loc":{"start":{"line":5,"column":27},"end":{"line":7,"column":1}},"line":5}},"branchMap":{},"s":{"0":1,"1":1},"f":{"0":1,"1":1},"b":{},"_coverageSchema":"1a1c01bbd47fc00a2c39e90264f33305004495a9","hash":"24105d1d2021a9de89d77d77fc8a8534990bba40"}
,"D:\\FRONT END\\tataiana\\src\\utils.js\\date.js": {"path":"D:\\FRONT END\\tataiana\\src\\utils.js\\date.js","statementMap":{"0":{"start":{"line":1,"column":26},"end":{"line":1,"column":42}},"1":{"start":{"line":1,"column":32},"end":{"line":1,"column":42}}},"fnMap":{"0":{"name":"(anonymous_0)","decl":{"start":{"line":1,"column":26},"end":{"line":1,"column":27}},"loc":{"start":{"line":1,"column":32},"end":{"line":1,"column":42}},"line":1}},"branchMap":{},"s":{"0":1,"1":1},"f":{"0":1},"b":{},"_coverageSchema":"1a1c01bbd47fc00a2c39e90264f33305004495a9","hash":"eecada9c231b2a4fb448f20bbdad40f5bfea9670"}
,"D:\\FRONT END\\tataiana\\src\\utils.js\\getAgeInDays.js": {"path":"D:\\FRONT END\\tataiana\\src\\utils.js\\getAgeInDays.js","statementMap":{"0":{"start":{"line":3,"column":19},"end":{"line":3,"column":29}},"1":{"start":{"line":6,"column":16},"end":{"line":6,"column":40}},"2":{"start":{"line":7,"column":17},"end":{"line":7,"column":38}},"3":{"start":{"line":8,"column":15},"end":{"line":8,"column":35}},"4":{"start":{"line":9,"column":13},"end":{"line":9,"column":29}},"5":{"start":{"line":10,"column":3},"end":{"line":13,"column":4}},"6":{"start":{"line":12,"column":7},"end":{"line":12,"column":14}},"7":{"start":{"line":14,"column":3},"end":{"line":17,"column":4}},"8":{"start":{"line":16,"column":7},"end":{"line":16,"column":14}},"9":{"start":{"line":18,"column":3},"end":{"line":18,"column":14}},"10":{"start":{"line":21,"column":0},"end":{"line":21,"column":38}}},"fnMap":{"0":{"name":"getAgeInDays","decl":{"start":{"line":4,"column":16},"end":{"line":4,"column":28}},"loc":{"start":{"line":4,"column":62},"end":{"line":19,"column":1}},"line":4}},"branchMap":{"0":{"loc":{"start":{"line":10,"column":3},"end":{"line":13,"column":4}},"type":"if","locations":[{"start":{"line":10,"column":3},"end":{"line":13,"column":4}},{"start":{"line":10,"column":3},"end":{"line":13,"column":4}}],"line":10},"1":{"loc":{"start":{"line":14,"column":3},"end":{"line":17,"column":4}},"type":"if","locations":[{"start":{"line":14,"column":3},"end":{"line":17,"column":4}},{"start":{"line":14,"column":3},"end":{"line":17,"column":4}}],"line":14},"2":{"loc":{"start":{"line":14,"column":7},"end":{"line":14,"column":54}},"type":"binary-expr","locations":[{"start":{"line":14,"column":8},"end":{"line":14,"column":33}},{"start":{"line":14,"column":39},"end":{"line":14,"column":53}}],"line":14}},"s":{"0":1,"1":2,"2":2,"3":2,"4":2,"5":2,"6":1,"7":2,"8":0,"9":2,"10":1},"f":{"0":2},"b":{"0":[1,1],"1":[0,2],"2":[2,0]},"_coverageSchema":"1a1c01bbd47fc00a2c39e90264f33305004495a9","hash":"0c4224db734ea9ac404789230184728696e39517"}
}
