TN:
SF:src\index.js
FN:1,sum
FN:5,prod
FNF:2
FNH:2
FNDA:1,sum
FNDA:1,prod
DA:2,1
DA:6,1
LF:2
LH:2
BRF:0
BRH:0
end_of_record
TN:
SF:src\utils.js\date.js
FN:1,(anonymous_0)
FNF:1
FNH:1
FNDA:1,(anonymous_0)
DA:1,1
LF:1
LH:1
BRF:0
BRH:0
end_of_record
TN:
SF:src\utils.js\getAgeInDays.js
FN:4,getAgeInDays
FNF:1
FNH:1
FNDA:2,getAgeInDays
DA:3,1
DA:6,2
DA:7,2
DA:8,2
DA:9,2
DA:10,2
DA:12,1
DA:14,2
DA:16,0
DA:18,2
DA:21,1
LF:11
LH:10
BRDA:10,0,0,1
BRDA:10,0,1,1
BRDA:14,1,0,0
BRDA:14,1,1,2
BRDA:14,2,0,2
BRDA:14,2,1,0
BRF:6
BRH:4
end_of_record
